<?xml version="1.0" encoding="UTF-8"?>
<testng-results skipped="0" failed="0" ignored="0" total="4" passed="4">
  <reporter-output>
  </reporter-output>
  <suite name="Default suite" duration-ms="15153" started-at="2019-03-19T12:16:39Z" finished-at="2019-03-19T12:16:54Z">
    <groups>
    </groups>
    <test name="Default test" duration-ms="15153" started-at="2019-03-19T12:16:39Z" finished-at="2019-03-19T12:16:54Z">
      <class name="com.training.sanity.tests.CYTC_040">
        <test-method status="PASS" signature="setUp()[pri:0, instance:com.training.sanity.tests.CYTC_040@66a3ffec]" name="setUp" is-config="true" duration-ms="5509" started-at="2019-03-19T12:16:39Z" finished-at="2019-03-19T12:16:44Z">
          <reporter-output>
          </reporter-output>
        </test-method> <!-- setUp -->
        <test-method status="PASS" signature="validLoginTestAdmin()[pri:1, instance:com.training.sanity.tests.CYTC_040@66a3ffec]" name="validLoginTestAdmin" duration-ms="1296" started-at="2019-03-19T12:16:44Z" finished-at="2019-03-19T12:16:46Z">
          <reporter-output>
          </reporter-output>
        </test-method> <!-- validLoginTestAdmin -->
        <test-method status="PASS" signature="sendMessageTest()[pri:2, instance:com.training.sanity.tests.CYTC_040@66a3ffec]" name="sendMessageTest" duration-ms="4484" started-at="2019-03-19T12:16:46Z" finished-at="2019-03-19T12:16:50Z">
          <reporter-output>
          </reporter-output>
        </test-method> <!-- sendMessageTest -->
        <test-method status="PASS" signature="validLoginTestMember()[pri:3, instance:com.training.sanity.tests.CYTC_040@66a3ffec]" name="validLoginTestMember" duration-ms="1171" started-at="2019-03-19T12:16:50Z" finished-at="2019-03-19T12:16:51Z">
          <reporter-output>
          </reporter-output>
        </test-method> <!-- validLoginTestMember -->
        <test-method status="PASS" signature="viewMessageTest()[pri:4, instance:com.training.sanity.tests.CYTC_040@66a3ffec]" name="viewMessageTest" duration-ms="959" started-at="2019-03-19T12:16:51Z" finished-at="2019-03-19T12:16:52Z">
          <reporter-output>
          </reporter-output>
        </test-method> <!-- viewMessageTest -->
        <test-method status="PASS" signature="tearDown()[pri:0, instance:com.training.sanity.tests.CYTC_040@66a3ffec]" name="tearDown" is-config="true" duration-ms="1699" started-at="2019-03-19T12:16:52Z" finished-at="2019-03-19T12:16:54Z">
          <reporter-output>
          </reporter-output>
        </test-method> <!-- tearDown -->
      </class> <!-- com.training.sanity.tests.CYTC_040 -->
    </test> <!-- Default test -->
  </suite> <!-- Default suite -->
</testng-results>
