<?xml version="1.0" encoding="UTF-8"?>
<testng-results skipped="0" failed="0" ignored="0" total="2" passed="2">
  <reporter-output>
  </reporter-output>
  <suite name="Default suite" duration-ms="11290" started-at="2019-03-11T11:27:54Z" finished-at="2019-03-11T11:28:05Z">
    <groups>
    </groups>
    <test name="Default test" duration-ms="11290" started-at="2019-03-11T11:27:54Z" finished-at="2019-03-11T11:28:05Z">
      <class name="com.training.sanity.tests.CYTC_007">
        <test-method status="PASS" signature="setUp()[pri:0, instance:com.training.sanity.tests.CYTC_007@66a3ffec]" name="setUp" is-config="true" duration-ms="6147" started-at="2019-03-11T11:27:54Z" finished-at="2019-03-11T11:28:00Z">
          <reporter-output>
          </reporter-output>
        </test-method> <!-- setUp -->
        <test-method status="PASS" signature="validLoginTest()[pri:1, instance:com.training.sanity.tests.CYTC_007@66a3ffec]" name="validLoginTest" duration-ms="1392" started-at="2019-03-11T11:28:00Z" finished-at="2019-03-11T11:28:02Z">
          <reporter-output>
          </reporter-output>
        </test-method> <!-- validLoginTest -->
        <test-method status="PASS" signature="changePasswordTest()[pri:2, instance:com.training.sanity.tests.CYTC_007@66a3ffec]" name="changePasswordTest" duration-ms="2011" started-at="2019-03-11T11:28:02Z" finished-at="2019-03-11T11:28:04Z">
          <reporter-output>
          </reporter-output>
        </test-method> <!-- changePasswordTest -->
        <test-method status="PASS" signature="tearDown()[pri:0, instance:com.training.sanity.tests.CYTC_007@66a3ffec]" name="tearDown" is-config="true" duration-ms="1711" started-at="2019-03-11T11:28:04Z" finished-at="2019-03-11T11:28:05Z">
          <reporter-output>
          </reporter-output>
        </test-method> <!-- tearDown -->
      </class> <!-- com.training.sanity.tests.CYTC_007 -->
    </test> <!-- Default test -->
  </suite> <!-- Default suite -->
</testng-results>
